info: Server started at http://localhost:3000/api/v1/ {"timestamp":"2024-10-21T05:32:45.074Z"}
info: Connected to the database. {"timestamp":"2024-10-21T05:32:47.733Z"}
info: Server started at http://localhost:3000/api/v1/ {"timestamp":"2024-10-21T05:35:27.961Z"}
info: Connected to the database. {"timestamp":"2024-10-21T05:35:27.986Z"}
info: Server started at http://localhost:3000/api/v1/ {"timestamp":"2024-10-21T05:48:08.466Z"}
info: Connected to the database. {"timestamp":"2024-10-21T05:48:08.503Z"}
error: 
    status - 500 
    message - ValidationError: "password" with value "Manish@123" fails to match the required pattern: /^[a-zA-Z0-9]{8,30}$/ 
    url - /api/v1/users/register 
    method - POST 
    IP - ::1
   {"timestamp":"2024-10-21T05:54:16.986Z"}
error: 
    status - 500 
    message - ValidationError: "email" is required 
    url - /api/v1/users/register 
    method - POST 
    IP - ::1
   {"timestamp":"2024-10-21T06:06:37.964Z"}
error: 
    status - 500 
    message - ValidationError: "email" with value "manishgmail.com" fails to match the required pattern: /^[\w-\.]+@([\w-]+\.)+[\w-]{2,4}$/ 
    url - /api/v1/users/register 
    method - POST 
    IP - ::1
   {"timestamp":"2024-10-21T06:06:55.347Z"}
info: Connected to the database. {"timestamp":"2024-10-21T06:56:58.554Z"}
info: Server started at http://localhost:3000/api/v1/ {"timestamp":"2024-10-21T06:57:22.805Z"}
info: Connected to the database. {"timestamp":"2024-10-21T06:57:22.816Z"}
info: Server started at http://localhost:3000/api/v1/ {"timestamp":"2024-10-21T07:03:31.176Z"}
info: Connected to the database. {"timestamp":"2024-10-21T07:03:31.187Z"}
error: 
    status - 500 
    message - Error: Email already exists
    at UserService.<anonymous> (D:\demo\Assignment-for-Evaluation\backend\build\services\user.service.js:29:23)
    at Generator.next (<anonymous>)
    at fulfilled (D:\demo\Assignment-for-Evaluation\backend\build\services\user.service.js:5:58)
    at process.processTicksAndRejections (node:internal/process/task_queues:105:5) 
    url - /api/v1/users/register 
    method - POST 
    IP - ::1
   {"timestamp":"2024-10-21T07:03:54.977Z"}
error: 
    status - 500 
    message - Error: Email already exists
    at UserService.<anonymous> (D:\demo\Assignment-for-Evaluation\backend\build\services\user.service.js:29:23)
    at Generator.next (<anonymous>)
    at fulfilled (D:\demo\Assignment-for-Evaluation\backend\build\services\user.service.js:5:58)
    at process.processTicksAndRejections (node:internal/process/task_queues:105:5) 
    url - /api/v1/users/register 
    method - POST 
    IP - ::1
   {"timestamp":"2024-10-21T07:05:21.699Z"}
error: 
    status - 500 
    message - ValidationError: "name" is required 
    url - /api/v1/users/register 
    method - POST 
    IP - ::1
   {"timestamp":"2024-10-21T08:23:05.687Z"}
info: Server started at http://localhost:3000/api/v1/ {"timestamp":"2024-10-21T08:31:24.993Z"}
info: Connected to the database. {"timestamp":"2024-10-21T08:31:25.014Z"}
info: Server started at http://localhost:3000/api/v1/ {"timestamp":"2024-10-21T08:45:46.523Z"}
info: Connected to the database. {"timestamp":"2024-10-21T08:45:46.536Z"}
error: 
      status - 400
      message - Authorization token is required 
      url - /api/v1/users/6715fd2217e27b140408b3b9 
      method - GET 
      IP - ::1
     {"timestamp":"2024-10-21T08:54:45.662Z"}
error: 
    status - 500 
    message - JsonWebTokenError: invalid signature
    at D:\demo\Assignment-for-Evaluation\backend\node_modules\jsonwebtoken\verify.js:133:19
    at getSecret (D:\demo\Assignment-for-Evaluation\backend\node_modules\jsonwebtoken\verify.js:90:14)
    at Object.module.exports [as verify] (D:\demo\Assignment-for-Evaluation\backend\node_modules\jsonwebtoken\verify.js:94:10)
    at D:\demo\Assignment-for-Evaluation\backend\src\middlewares\auth.middleware.ts:28:37
    at Generator.next (<anonymous>)
    at D:\demo\Assignment-for-Evaluation\backend\src\middlewares\auth.middleware.ts:8:71
    at new Promise (<anonymous>)
    at __awaiter (D:\demo\Assignment-for-Evaluation\backend\src\middlewares\auth.middleware.ts:4:12)
    at userAuth (D:\demo\Assignment-for-Evaluation\backend\src\middlewares\auth.middleware.ts:18:20)
    at Layer.handle [as handle_request] (D:\demo\Assignment-for-Evaluation\backend\node_modules\express\lib\router\layer.js:95:5)
    at next (D:\demo\Assignment-for-Evaluation\backend\node_modules\express\lib\router\route.js:149:13)
    at Route.dispatch (D:\demo\Assignment-for-Evaluation\backend\node_modules\express\lib\router\route.js:119:3)
    at Layer.handle [as handle_request] (D:\demo\Assignment-for-Evaluation\backend\node_modules\express\lib\router\layer.js:95:5)
    at D:\demo\Assignment-for-Evaluation\backend\node_modules\express\lib\router\index.js:284:15
    at param (D:\demo\Assignment-for-Evaluation\backend\node_modules\express\lib\router\index.js:365:14)
    at param (D:\demo\Assignment-for-Evaluation\backend\node_modules\express\lib\router\index.js:376:14) 
    url - /api/v1/users/6715fd2217e27b140408b3b9 
    method - GET 
    IP - ::1
   {"timestamp":"2024-10-21T08:56:15.768Z"}
error: 
    status - 500 
    message - JsonWebTokenError: invalid signature
    at D:\demo\Assignment-for-Evaluation\backend\node_modules\jsonwebtoken\verify.js:133:19
    at getSecret (D:\demo\Assignment-for-Evaluation\backend\node_modules\jsonwebtoken\verify.js:90:14)
    at Object.module.exports [as verify] (D:\demo\Assignment-for-Evaluation\backend\node_modules\jsonwebtoken\verify.js:94:10)
    at D:\demo\Assignment-for-Evaluation\backend\src\middlewares\auth.middleware.ts:28:37
    at Generator.next (<anonymous>)
    at D:\demo\Assignment-for-Evaluation\backend\src\middlewares\auth.middleware.ts:8:71
    at new Promise (<anonymous>)
    at __awaiter (D:\demo\Assignment-for-Evaluation\backend\src\middlewares\auth.middleware.ts:4:12)
    at userAuth (D:\demo\Assignment-for-Evaluation\backend\src\middlewares\auth.middleware.ts:18:20)
    at Layer.handle [as handle_request] (D:\demo\Assignment-for-Evaluation\backend\node_modules\express\lib\router\layer.js:95:5)
    at next (D:\demo\Assignment-for-Evaluation\backend\node_modules\express\lib\router\route.js:149:13)
    at Route.dispatch (D:\demo\Assignment-for-Evaluation\backend\node_modules\express\lib\router\route.js:119:3)
    at Layer.handle [as handle_request] (D:\demo\Assignment-for-Evaluation\backend\node_modules\express\lib\router\layer.js:95:5)
    at D:\demo\Assignment-for-Evaluation\backend\node_modules\express\lib\router\index.js:284:15
    at param (D:\demo\Assignment-for-Evaluation\backend\node_modules\express\lib\router\index.js:365:14)
    at param (D:\demo\Assignment-for-Evaluation\backend\node_modules\express\lib\router\index.js:376:14) 
    url - /api/v1/users/6715fd2217e27b140408b3b9 
    method - GET 
    IP - ::1
   {"timestamp":"2024-10-21T08:57:47.123Z"}
error: 
    status - 500 
    message - JsonWebTokenError: jwt malformed
    at Object.module.exports [as verify] (D:\demo\Assignment-for-Evaluation\backend\node_modules\jsonwebtoken\verify.js:63:17)
    at D:\demo\Assignment-for-Evaluation\backend\src\middlewares\auth.middleware.ts:28:37
    at Generator.next (<anonymous>)
    at D:\demo\Assignment-for-Evaluation\backend\src\middlewares\auth.middleware.ts:8:71
    at new Promise (<anonymous>)
    at __awaiter (D:\demo\Assignment-for-Evaluation\backend\src\middlewares\auth.middleware.ts:4:12)
    at userAuth (D:\demo\Assignment-for-Evaluation\backend\src\middlewares\auth.middleware.ts:18:20)
    at Layer.handle [as handle_request] (D:\demo\Assignment-for-Evaluation\backend\node_modules\express\lib\router\layer.js:95:5)
    at next (D:\demo\Assignment-for-Evaluation\backend\node_modules\express\lib\router\route.js:149:13)
    at Route.dispatch (D:\demo\Assignment-for-Evaluation\backend\node_modules\express\lib\router\route.js:119:3)
    at Layer.handle [as handle_request] (D:\demo\Assignment-for-Evaluation\backend\node_modules\express\lib\router\layer.js:95:5)
    at D:\demo\Assignment-for-Evaluation\backend\node_modules\express\lib\router\index.js:284:15
    at param (D:\demo\Assignment-for-Evaluation\backend\node_modules\express\lib\router\index.js:365:14)
    at param (D:\demo\Assignment-for-Evaluation\backend\node_modules\express\lib\router\index.js:376:14)
    at Function.process_params (D:\demo\Assignment-for-Evaluation\backend\node_modules\express\lib\router\index.js:421:3)
    at next (D:\demo\Assignment-for-Evaluation\backend\node_modules\express\lib\router\index.js:280:10) 
    url - /api/v1/users/6715fd2217e27b140408b3b9 
    method - GET 
    IP - ::1
   {"timestamp":"2024-10-21T09:03:41.235Z"}
error: 
    status - 500 
    message - JsonWebTokenError: jwt must be provided
    at Object.module.exports [as verify] (D:\demo\Assignment-for-Evaluation\backend\node_modules\jsonwebtoken\verify.js:53:17)
    at D:\demo\Assignment-for-Evaluation\backend\src\middlewares\auth.middleware.ts:28:37
    at Generator.next (<anonymous>)
    at D:\demo\Assignment-for-Evaluation\backend\src\middlewares\auth.middleware.ts:8:71
    at new Promise (<anonymous>)
    at __awaiter (D:\demo\Assignment-for-Evaluation\backend\src\middlewares\auth.middleware.ts:4:12)
    at userAuth (D:\demo\Assignment-for-Evaluation\backend\src\middlewares\auth.middleware.ts:18:20)
    at Layer.handle [as handle_request] (D:\demo\Assignment-for-Evaluation\backend\node_modules\express\lib\router\layer.js:95:5)
    at next (D:\demo\Assignment-for-Evaluation\backend\node_modules\express\lib\router\route.js:149:13)
    at Route.dispatch (D:\demo\Assignment-for-Evaluation\backend\node_modules\express\lib\router\route.js:119:3)
    at Layer.handle [as handle_request] (D:\demo\Assignment-for-Evaluation\backend\node_modules\express\lib\router\layer.js:95:5)
    at D:\demo\Assignment-for-Evaluation\backend\node_modules\express\lib\router\index.js:284:15
    at param (D:\demo\Assignment-for-Evaluation\backend\node_modules\express\lib\router\index.js:365:14)
    at param (D:\demo\Assignment-for-Evaluation\backend\node_modules\express\lib\router\index.js:376:14)
    at Function.process_params (D:\demo\Assignment-for-Evaluation\backend\node_modules\express\lib\router\index.js:421:3)
    at next (D:\demo\Assignment-for-Evaluation\backend\node_modules\express\lib\router\index.js:280:10) 
    url - /api/v1/users/6715fd2217e27b140408b3b9 
    method - GET 
    IP - ::1
   {"timestamp":"2024-10-21T09:04:44.475Z"}
error: 
      status - 400
      message - Authorization token is required 
      url - /api/v1/users/6715fd2217e27b140408b3b9 
      method - GET 
      IP - ::1
     {"timestamp":"2024-10-21T09:06:35.080Z"}
error: 
    status - 500 
    message - JsonWebTokenError: jwt must be provided
    at Object.module.exports [as verify] (D:\demo\Assignment-for-Evaluation\backend\node_modules\jsonwebtoken\verify.js:53:17)
    at D:\demo\Assignment-for-Evaluation\backend\src\middlewares\auth.middleware.ts:28:37
    at Generator.next (<anonymous>)
    at D:\demo\Assignment-for-Evaluation\backend\src\middlewares\auth.middleware.ts:8:71
    at new Promise (<anonymous>)
    at __awaiter (D:\demo\Assignment-for-Evaluation\backend\src\middlewares\auth.middleware.ts:4:12)
    at userAuth (D:\demo\Assignment-for-Evaluation\backend\src\middlewares\auth.middleware.ts:18:20)
    at Layer.handle [as handle_request] (D:\demo\Assignment-for-Evaluation\backend\node_modules\express\lib\router\layer.js:95:5)
    at next (D:\demo\Assignment-for-Evaluation\backend\node_modules\express\lib\router\route.js:149:13)
    at Route.dispatch (D:\demo\Assignment-for-Evaluation\backend\node_modules\express\lib\router\route.js:119:3)
    at Layer.handle [as handle_request] (D:\demo\Assignment-for-Evaluation\backend\node_modules\express\lib\router\layer.js:95:5)
    at D:\demo\Assignment-for-Evaluation\backend\node_modules\express\lib\router\index.js:284:15
    at param (D:\demo\Assignment-for-Evaluation\backend\node_modules\express\lib\router\index.js:365:14)
    at param (D:\demo\Assignment-for-Evaluation\backend\node_modules\express\lib\router\index.js:376:14)
    at Function.process_params (D:\demo\Assignment-for-Evaluation\backend\node_modules\express\lib\router\index.js:421:3)
    at next (D:\demo\Assignment-for-Evaluation\backend\node_modules\express\lib\router\index.js:280:10) 
    url - /api/v1/users/6715fd2217e27b140408b3b9 
    method - GET 
    IP - ::1
   {"timestamp":"2024-10-21T09:06:42.593Z"}
error: 
    status - 500 
    message - JsonWebTokenError: jwt must be provided
    at Object.module.exports [as verify] (D:\demo\Assignment-for-Evaluation\backend\node_modules\jsonwebtoken\verify.js:53:17)
    at D:\demo\Assignment-for-Evaluation\backend\src\middlewares\auth.middleware.ts:28:37
    at Generator.next (<anonymous>)
    at D:\demo\Assignment-for-Evaluation\backend\src\middlewares\auth.middleware.ts:8:71
    at new Promise (<anonymous>)
    at __awaiter (D:\demo\Assignment-for-Evaluation\backend\src\middlewares\auth.middleware.ts:4:12)
    at userAuth (D:\demo\Assignment-for-Evaluation\backend\src\middlewares\auth.middleware.ts:18:20)
    at Layer.handle [as handle_request] (D:\demo\Assignment-for-Evaluation\backend\node_modules\express\lib\router\layer.js:95:5)
    at next (D:\demo\Assignment-for-Evaluation\backend\node_modules\express\lib\router\route.js:149:13)
    at Route.dispatch (D:\demo\Assignment-for-Evaluation\backend\node_modules\express\lib\router\route.js:119:3)
    at Layer.handle [as handle_request] (D:\demo\Assignment-for-Evaluation\backend\node_modules\express\lib\router\layer.js:95:5)
    at D:\demo\Assignment-for-Evaluation\backend\node_modules\express\lib\router\index.js:284:15
    at param (D:\demo\Assignment-for-Evaluation\backend\node_modules\express\lib\router\index.js:365:14)
    at param (D:\demo\Assignment-for-Evaluation\backend\node_modules\express\lib\router\index.js:376:14)
    at Function.process_params (D:\demo\Assignment-for-Evaluation\backend\node_modules\express\lib\router\index.js:421:3)
    at next (D:\demo\Assignment-for-Evaluation\backend\node_modules\express\lib\router\index.js:280:10) 
    url - /api/v1/users/6715fd2217e27b140408b3b9 
    method - GET 
    IP - ::1
   {"timestamp":"2024-10-21T09:07:02.760Z"}
error: 
    status - 500 
    message - JsonWebTokenError: jwt must be provided
    at Object.module.exports [as verify] (D:\demo\Assignment-for-Evaluation\backend\node_modules\jsonwebtoken\verify.js:53:17)
    at D:\demo\Assignment-for-Evaluation\backend\src\middlewares\auth.middleware.ts:28:37
    at Generator.next (<anonymous>)
    at D:\demo\Assignment-for-Evaluation\backend\src\middlewares\auth.middleware.ts:8:71
    at new Promise (<anonymous>)
    at __awaiter (D:\demo\Assignment-for-Evaluation\backend\src\middlewares\auth.middleware.ts:4:12)
    at userAuth (D:\demo\Assignment-for-Evaluation\backend\src\middlewares\auth.middleware.ts:18:20)
    at Layer.handle [as handle_request] (D:\demo\Assignment-for-Evaluation\backend\node_modules\express\lib\router\layer.js:95:5)
    at next (D:\demo\Assignment-for-Evaluation\backend\node_modules\express\lib\router\route.js:149:13)
    at Route.dispatch (D:\demo\Assignment-for-Evaluation\backend\node_modules\express\lib\router\route.js:119:3)
    at Layer.handle [as handle_request] (D:\demo\Assignment-for-Evaluation\backend\node_modules\express\lib\router\layer.js:95:5)
    at D:\demo\Assignment-for-Evaluation\backend\node_modules\express\lib\router\index.js:284:15
    at param (D:\demo\Assignment-for-Evaluation\backend\node_modules\express\lib\router\index.js:365:14)
    at param (D:\demo\Assignment-for-Evaluation\backend\node_modules\express\lib\router\index.js:376:14)
    at Function.process_params (D:\demo\Assignment-for-Evaluation\backend\node_modules\express\lib\router\index.js:421:3)
    at next (D:\demo\Assignment-for-Evaluation\backend\node_modules\express\lib\router\index.js:280:10) 
    url - /api/v1/users/6715fd2217e27b140408b3b9 
    method - GET 
    IP - ::1
   {"timestamp":"2024-10-21T09:22:45.003Z"}
error: 
    status - 500 
    message - JsonWebTokenError: jwt must be provided
    at Object.module.exports [as verify] (D:\demo\Assignment-for-Evaluation\backend\node_modules\jsonwebtoken\verify.js:53:17)
    at D:\demo\Assignment-for-Evaluation\backend\src\middlewares\auth.middleware.ts:28:37
    at Generator.next (<anonymous>)
    at D:\demo\Assignment-for-Evaluation\backend\src\middlewares\auth.middleware.ts:8:71
    at new Promise (<anonymous>)
    at __awaiter (D:\demo\Assignment-for-Evaluation\backend\src\middlewares\auth.middleware.ts:4:12)
    at userAuth (D:\demo\Assignment-for-Evaluation\backend\src\middlewares\auth.middleware.ts:18:20)
    at Layer.handle [as handle_request] (D:\demo\Assignment-for-Evaluation\backend\node_modules\express\lib\router\layer.js:95:5)
    at next (D:\demo\Assignment-for-Evaluation\backend\node_modules\express\lib\router\route.js:149:13)
    at Route.dispatch (D:\demo\Assignment-for-Evaluation\backend\node_modules\express\lib\router\route.js:119:3)
    at Layer.handle [as handle_request] (D:\demo\Assignment-for-Evaluation\backend\node_modules\express\lib\router\layer.js:95:5)
    at D:\demo\Assignment-for-Evaluation\backend\node_modules\express\lib\router\index.js:284:15
    at param (D:\demo\Assignment-for-Evaluation\backend\node_modules\express\lib\router\index.js:365:14)
    at param (D:\demo\Assignment-for-Evaluation\backend\node_modules\express\lib\router\index.js:376:14)
    at Function.process_params (D:\demo\Assignment-for-Evaluation\backend\node_modules\express\lib\router\index.js:421:3)
    at next (D:\demo\Assignment-for-Evaluation\backend\node_modules\express\lib\router\index.js:280:10) 
    url - /api/v1/users/6715fd2217e27b140408b3b9 
    method - GET 
    IP - ::1
   {"timestamp":"2024-10-21T09:24:29.500Z"}
error: 
    status - 500 
    message - JsonWebTokenError: jwt must be provided
    at Object.module.exports [as verify] (D:\demo\Assignment-for-Evaluation\backend\node_modules\jsonwebtoken\verify.js:53:17)
    at D:\demo\Assignment-for-Evaluation\backend\src\middlewares\auth.middleware.ts:28:37
    at Generator.next (<anonymous>)
    at D:\demo\Assignment-for-Evaluation\backend\src\middlewares\auth.middleware.ts:8:71
    at new Promise (<anonymous>)
    at __awaiter (D:\demo\Assignment-for-Evaluation\backend\src\middlewares\auth.middleware.ts:4:12)
    at userAuth (D:\demo\Assignment-for-Evaluation\backend\src\middlewares\auth.middleware.ts:18:20)
    at Layer.handle [as handle_request] (D:\demo\Assignment-for-Evaluation\backend\node_modules\express\lib\router\layer.js:95:5)
    at next (D:\demo\Assignment-for-Evaluation\backend\node_modules\express\lib\router\route.js:149:13)
    at Route.dispatch (D:\demo\Assignment-for-Evaluation\backend\node_modules\express\lib\router\route.js:119:3)
    at Layer.handle [as handle_request] (D:\demo\Assignment-for-Evaluation\backend\node_modules\express\lib\router\layer.js:95:5)
    at D:\demo\Assignment-for-Evaluation\backend\node_modules\express\lib\router\index.js:284:15
    at param (D:\demo\Assignment-for-Evaluation\backend\node_modules\express\lib\router\index.js:365:14)
    at param (D:\demo\Assignment-for-Evaluation\backend\node_modules\express\lib\router\index.js:376:14)
    at Function.process_params (D:\demo\Assignment-for-Evaluation\backend\node_modules\express\lib\router\index.js:421:3)
    at next (D:\demo\Assignment-for-Evaluation\backend\node_modules\express\lib\router\index.js:280:10) 
    url - /api/v1/users/6715fd2217e27b140408b3b9 
    method - GET 
    IP - ::1
   {"timestamp":"2024-10-21T09:26:32.880Z"}
info: Server started at http://localhost:3000/api/v1/ {"timestamp":"2024-10-21T09:28:04.111Z"}
info: Connected to the database. {"timestamp":"2024-10-21T09:28:04.137Z"}
error: 
    status - 500 
    message - JsonWebTokenError: jwt must be provided
    at Object.module.exports [as verify] (D:\demo\Assignment-for-Evaluation\backend\node_modules\jsonwebtoken\verify.js:53:17)
    at D:\demo\Assignment-for-Evaluation\backend\src\middlewares\auth.middleware.ts:28:37
    at Generator.next (<anonymous>)
    at D:\demo\Assignment-for-Evaluation\backend\src\middlewares\auth.middleware.ts:8:71
    at new Promise (<anonymous>)
    at __awaiter (D:\demo\Assignment-for-Evaluation\backend\src\middlewares\auth.middleware.ts:4:12)
    at userAuth (D:\demo\Assignment-for-Evaluation\backend\src\middlewares\auth.middleware.ts:18:20)
    at Layer.handle [as handle_request] (D:\demo\Assignment-for-Evaluation\backend\node_modules\express\lib\router\layer.js:95:5)
    at next (D:\demo\Assignment-for-Evaluation\backend\node_modules\express\lib\router\route.js:149:13)
    at Route.dispatch (D:\demo\Assignment-for-Evaluation\backend\node_modules\express\lib\router\route.js:119:3)
    at Layer.handle [as handle_request] (D:\demo\Assignment-for-Evaluation\backend\node_modules\express\lib\router\layer.js:95:5)
    at D:\demo\Assignment-for-Evaluation\backend\node_modules\express\lib\router\index.js:284:15
    at param (D:\demo\Assignment-for-Evaluation\backend\node_modules\express\lib\router\index.js:365:14)
    at param (D:\demo\Assignment-for-Evaluation\backend\node_modules\express\lib\router\index.js:376:14)
    at Function.process_params (D:\demo\Assignment-for-Evaluation\backend\node_modules\express\lib\router\index.js:421:3)
    at next (D:\demo\Assignment-for-Evaluation\backend\node_modules\express\lib\router\index.js:280:10) 
    url - /api/v1/users/6715fd2217e27b140408b3b9 
    method - GET 
    IP - ::1
   {"timestamp":"2024-10-21T09:28:09.977Z"}
error: 
    status - 500 
    message - JsonWebTokenError: jwt must be provided
    at Object.module.exports [as verify] (D:\demo\Assignment-for-Evaluation\backend\node_modules\jsonwebtoken\verify.js:53:17)
    at D:\demo\Assignment-for-Evaluation\backend\src\middlewares\auth.middleware.ts:28:37
    at Generator.next (<anonymous>)
    at D:\demo\Assignment-for-Evaluation\backend\src\middlewares\auth.middleware.ts:8:71
    at new Promise (<anonymous>)
    at __awaiter (D:\demo\Assignment-for-Evaluation\backend\src\middlewares\auth.middleware.ts:4:12)
    at userAuth (D:\demo\Assignment-for-Evaluation\backend\src\middlewares\auth.middleware.ts:18:20)
    at Layer.handle [as handle_request] (D:\demo\Assignment-for-Evaluation\backend\node_modules\express\lib\router\layer.js:95:5)
    at next (D:\demo\Assignment-for-Evaluation\backend\node_modules\express\lib\router\route.js:149:13)
    at Route.dispatch (D:\demo\Assignment-for-Evaluation\backend\node_modules\express\lib\router\route.js:119:3)
    at Layer.handle [as handle_request] (D:\demo\Assignment-for-Evaluation\backend\node_modules\express\lib\router\layer.js:95:5)
    at D:\demo\Assignment-for-Evaluation\backend\node_modules\express\lib\router\index.js:284:15
    at param (D:\demo\Assignment-for-Evaluation\backend\node_modules\express\lib\router\index.js:365:14)
    at param (D:\demo\Assignment-for-Evaluation\backend\node_modules\express\lib\router\index.js:376:14)
    at Function.process_params (D:\demo\Assignment-for-Evaluation\backend\node_modules\express\lib\router\index.js:421:3)
    at next (D:\demo\Assignment-for-Evaluation\backend\node_modules\express\lib\router\index.js:280:10) 
    url - /api/v1/users/6715fd2217e27b140408b3b9 
    method - GET 
    IP - ::1
   {"timestamp":"2024-10-21T09:29:03.964Z"}
error: 
    status - 500 
    message - ValidationError: Password must contain at least one uppercase letter, one lowercase letter, one number, and one special character. 
    url - /api/v1/users/register 
    method - POST 
    IP - ::1
   {"timestamp":"2024-10-21T09:40:45.971Z"}
error: 
    status - 500 
    message - ValidationError: Password must contain at least one uppercase letter, one lowercase letter, one number, and one special character. 
    url - /api/v1/users/register 
    method - POST 
    IP - ::1
   {"timestamp":"2024-10-21T09:41:02.446Z"}
error: 
    status - 500 
    message - ValidationError: Password must contain at least one uppercase letter, one lowercase letter, one number, and one special character. 
    url - /api/v1/users/register 
    method - POST 
    IP - ::1
   {"timestamp":"2024-10-21T09:41:45.788Z"}
error: 
    status - 500 
    message - ValidationError: Password must contain at least one uppercase letter, one lowercase letter, one number, and one special character. 
    url - /api/v1/users/register 
    method - POST 
    IP - ::1
   {"timestamp":"2024-10-21T09:41:53.500Z"}
error: 
    status - 500 
    message - ValidationError: Password must contain at least one uppercase letter, one lowercase letter, one number, and one special character. 
    url - /api/v1/users/register 
    method - POST 
    IP - ::1
   {"timestamp":"2024-10-21T09:41:59.273Z"}
info: Server started at http://localhost:3000/api/v1/ {"timestamp":"2024-10-21T09:42:15.808Z"}
info: Connected to the database. {"timestamp":"2024-10-21T09:42:15.827Z"}
error: 
    status - 500 
    message - ValidationError: Password must contain at least one uppercase letter, one lowercase letter, one number, and one special character. 
    url - /api/v1/users/register 
    method - POST 
    IP - ::1
   {"timestamp":"2024-10-21T09:42:24.641Z"}
error: 
    status - 500 
    message - ValidationError: Password must contain at least one uppercase letter, one lowercase letter, one number, and one special character. 
    url - /api/v1/users/register 
    method - POST 
    IP - ::1
   {"timestamp":"2024-10-21T09:42:26.974Z"}
error: 
    status - 500 
    message - ValidationError: Password must contain at least one uppercase letter, one lowercase letter, one number, and one special character. 
    url - /api/v1/users/register 
    method - POST 
    IP - ::1
   {"timestamp":"2024-10-21T09:42:28.147Z"}
error: 
    status - 500 
    message - ValidationError: Password must contain at least one uppercase letter, one lowercase letter, one number, and one special character. 
    url - /api/v1/users/register 
    method - POST 
    IP - ::1
   {"timestamp":"2024-10-21T09:42:30.364Z"}
info: Server started at http://localhost:3000/api/v1/ {"timestamp":"2024-10-21T09:44:32.592Z"}
info: Connected to the database. {"timestamp":"2024-10-21T09:44:32.616Z"}
info: Server started at http://localhost:3000/api/v1/ {"timestamp":"2024-10-21T09:45:07.002Z"}
info: Connected to the database. {"timestamp":"2024-10-21T09:45:07.031Z"}
error: 
    status - 500 
    message - ValidationError: Password must contain at least one uppercase letter, one lowercase letter, one number, and one special character with 8 characters. 
    url - /api/v1/users/register 
    method - POST 
    IP - ::1
   {"timestamp":"2024-10-21T09:45:12.597Z"}
error: 
    status - 500 
    message - ValidationError: Password must contain at least one uppercase letter, one lowercase letter, one number, and one special character with 8 characters. 
    url - /api/v1/users/register 
    method - POST 
    IP - ::1
   {"timestamp":"2024-10-21T09:45:14.605Z"}
info: Server started at http://localhost:3000/api/v1/ {"timestamp":"2024-10-21T09:47:22.525Z"}
info: Connected to the database. {"timestamp":"2024-10-21T09:47:22.558Z"}
error: 
    status - 500 
    message - Error: Email already exists
    at UserService.<anonymous> (D:\demo\Assignment-for-Evaluation\backend\src\services\user.service.ts:18:13)
    at Generator.next (<anonymous>)
    at fulfilled (D:\demo\Assignment-for-Evaluation\backend\src\services\user.service.ts:5:58)
    at processTicksAndRejections (node:internal/process/task_queues:105:5) 
    url - /api/v1/users/register 
    method - POST 
    IP - ::1
   {"timestamp":"2024-10-21T09:48:02.502Z"}
error: 
    status - 500 
    message - Error: Invalid email or password
    at UserService.<anonymous> (D:\demo\Assignment-for-Evaluation\backend\src\services\user.service.ts:36:13)
    at Generator.next (<anonymous>)
    at fulfilled (D:\demo\Assignment-for-Evaluation\backend\src\services\user.service.ts:5:58) 
    url - /api/v1/users/login 
    method - POST 
    IP - ::1
   {"timestamp":"2024-10-21T09:48:17.081Z"}
error: 
      status - 400
      message - Authorization token is required 
      url - /api/v1/users/6716232ff16c221158e84bdc 
      method - GET 
      IP - ::1
     {"timestamp":"2024-10-21T09:52:00.496Z"}
info: Server started at http://localhost:3000/api/v1/ {"timestamp":"2024-10-21T09:53:30.883Z"}
info: Connected to the database. {"timestamp":"2024-10-21T09:53:30.909Z"}
info: Server started at http://localhost:3000/api/v1/ {"timestamp":"2024-10-21T09:55:50.424Z"}
info: Connected to the database. {"timestamp":"2024-10-21T09:55:50.448Z"}
info: Server started at http://localhost:3000/api/v1/ {"timestamp":"2024-10-21T09:56:34.580Z"}
info: Connected to the database. {"timestamp":"2024-10-21T09:56:34.605Z"}
info: Server started at http://localhost:3000/api/v1/ {"timestamp":"2024-10-21T09:57:09.633Z"}
info: Connected to the database. {"timestamp":"2024-10-21T09:57:09.660Z"}
info: Server started at http://localhost:3000/api/v1/ {"timestamp":"2024-10-21T10:01:30.297Z"}
info: Connected to the database. {"timestamp":"2024-10-21T10:01:30.324Z"}
info: Server started at http://localhost:3000/api/v1/ {"timestamp":"2024-10-21T10:37:40.165Z"}
info: Connected to the database. {"timestamp":"2024-10-21T10:37:40.195Z"}
info: Server started at http://localhost:3000/api/v1/ {"timestamp":"2024-10-21T10:47:11.271Z"}
info: Connected to the database. {"timestamp":"2024-10-21T10:47:11.289Z"}
info: Server started at http://localhost:3000/api/v1/ {"timestamp":"2024-10-21T10:47:26.931Z"}
info: Connected to the database. {"timestamp":"2024-10-21T10:47:26.949Z"}
info: Server started at http://localhost:3000/api/v1/ {"timestamp":"2024-10-21T10:49:16.692Z"}
info: Connected to the database. {"timestamp":"2024-10-21T10:49:16.711Z"}
error: 
      status - 400
      message - Authorization token is required 
      url - /api/v1/admin/register 
      method - GET 
      IP - ::1
     {"timestamp":"2024-10-21T10:49:54.399Z"}
error: 
    status - 500 
    message - Error: Email already exists
    at AdminService.<anonymous> (D:\demo\Assignment-for-Evaluation\backend\src\services\admin.service.ts:18:13)
    at Generator.next (<anonymous>)
    at fulfilled (D:\demo\Assignment-for-Evaluation\backend\src\services\admin.service.ts:5:58)
    at processTicksAndRejections (node:internal/process/task_queues:105:5) 
    url - /api/v1/admin/register 
    method - POST 
    IP - ::1
   {"timestamp":"2024-10-21T10:50:04.491Z"}
info: Server started at http://localhost:3000/api/v1/ {"timestamp":"2024-10-21T11:01:44.260Z"}
info: Connected to the database. {"timestamp":"2024-10-21T11:01:44.277Z"}
info: Server started at http://localhost:3000/api/v1/ {"timestamp":"2024-10-21T11:01:53.287Z"}
info: Connected to the database. {"timestamp":"2024-10-21T11:01:53.308Z"}
info: Server started at http://localhost:3000/api/v1/ {"timestamp":"2024-10-21T11:05:16.143Z"}
info: Connected to the database. {"timestamp":"2024-10-21T11:05:16.161Z"}
info: Server started at http://localhost:3000/api/v1/ {"timestamp":"2024-10-21T11:16:32.581Z"}
info: Connected to the database. {"timestamp":"2024-10-21T11:16:32.601Z"}
info: Server started at http://localhost:3000/api/v1/ {"timestamp":"2024-10-21T11:16:38.177Z"}
info: Connected to the database. {"timestamp":"2024-10-21T11:16:38.194Z"}
info: Server started at http://localhost:3000/api/v1/ {"timestamp":"2024-10-21T11:34:19.030Z"}
info: Connected to the database. {"timestamp":"2024-10-21T11:34:19.050Z"}
info: Server started at http://localhost:3000/api/v1/ {"timestamp":"2024-10-21T11:34:33.675Z"}
info: Connected to the database. {"timestamp":"2024-10-21T11:34:33.694Z"}
info: Server started at http://localhost:3000/api/v1/ {"timestamp":"2024-10-21T11:50:45.450Z"}
info: Connected to the database. {"timestamp":"2024-10-21T11:50:45.470Z"}
info: Server started at http://localhost:3000/api/v1/ {"timestamp":"2024-10-21T11:52:27.441Z"}
info: Connected to the database. {"timestamp":"2024-10-21T11:52:27.460Z"}
info: Server started at http://localhost:3000/api/v1/ {"timestamp":"2024-10-21T11:54:58.374Z"}
info: Connected to the database. {"timestamp":"2024-10-21T11:54:58.393Z"}
info: Server started at http://localhost:3000/api/v1/ {"timestamp":"2024-10-21T11:55:00.883Z"}
info: Connected to the database. {"timestamp":"2024-10-21T11:55:00.901Z"}
info: Server started at http://localhost:3000/api/v1/ {"timestamp":"2024-10-21T11:56:07.885Z"}
info: Connected to the database. {"timestamp":"2024-10-21T11:56:07.902Z"}
info: Server started at http://localhost:3000/api/v1/ {"timestamp":"2024-10-21T11:56:29.510Z"}
info: Connected to the database. {"timestamp":"2024-10-21T11:56:29.527Z"}
info: Server started at http://localhost:3000/api/v1/ {"timestamp":"2024-10-21T11:58:16.613Z"}
info: Connected to the database. {"timestamp":"2024-10-21T11:58:16.636Z"}
info: Server started at http://localhost:3000/api/v1/ {"timestamp":"2024-10-21T12:05:26.148Z"}
info: Connected to the database. {"timestamp":"2024-10-21T12:05:26.171Z"}
info: Server started at http://localhost:3000/api/v1/ {"timestamp":"2024-10-21T12:05:40.831Z"}
info: Connected to the database. {"timestamp":"2024-10-21T12:05:40.856Z"}
info: Server started at http://localhost:3000/api/v1/ {"timestamp":"2024-10-21T12:08:09.482Z"}
info: Connected to the database. {"timestamp":"2024-10-21T12:08:09.509Z"}
info: Server started at http://localhost:3000/api/v1/ {"timestamp":"2024-10-21T12:11:54.617Z"}
info: Connected to the database. {"timestamp":"2024-10-21T12:11:54.646Z"}
info: Server started at http://localhost:3000/api/v1/ {"timestamp":"2024-10-21T12:12:08.212Z"}
info: Connected to the database. {"timestamp":"2024-10-21T12:12:08.241Z"}
info: Server started at http://localhost:3000/api/v1/ {"timestamp":"2024-10-21T12:12:24.273Z"}
info: Connected to the database. {"timestamp":"2024-10-21T12:12:24.303Z"}
info: Server started at http://localhost:3000/api/v1/ {"timestamp":"2024-10-21T12:13:02.493Z"}
info: Connected to the database. {"timestamp":"2024-10-21T12:13:02.523Z"}
error: 
    status - 500 
    message - Error: Invalid email or password
    at UserService.<anonymous> (D:\demo\Assignment-for-Evaluation\backend\src\services\user.service.ts:32:13)
    at Generator.next (<anonymous>)
    at fulfilled (D:\demo\Assignment-for-Evaluation\backend\src\services\user.service.ts:5:58)
    at processTicksAndRejections (node:internal/process/task_queues:105:5) 
    url - /api/v1/users/login 
    method - POST 
    IP - ::1
   {"timestamp":"2024-10-21T12:43:05.491Z"}
error: 
    status - 500 
    message - Error: Invalid email or password
    at UserService.<anonymous> (D:\demo\Assignment-for-Evaluation\backend\src\services\user.service.ts:36:13)
    at Generator.next (<anonymous>)
    at fulfilled (D:\demo\Assignment-for-Evaluation\backend\src\services\user.service.ts:5:58) 
    url - /api/v1/users/login 
    method - POST 
    IP - ::1
   {"timestamp":"2024-10-21T12:43:31.079Z"}
